<?xml version="1.0" encoding="UTF-8"?>
<!-- Generated by org.testng.reporters.JUnitReportReporter -->
<testsuite skipped="0" hostname="FH400" name="com.qa.LI.tests.LoginTest" tests="1" failures="0" timestamp="06 Jan 2020 12:37:20 GMT" time="23.892" errors="0">
  <testcase name="loginTest" time="23.892" classname="com.qa.LI.tests.LoginTest"/>
</testsuite> <!-- com.qa.LI.tests.LoginTest -->
